<?xml version="1.0" encoding="UTF-8"?>
<!-- Generated by org.testng.reporters.JUnitReportReporter -->
<testsuite hostname="ShivaPriya" failures="0" tests="3" name="LambdaCertification.com.LambdaCertification" time="95.691" errors="0" timestamp="2022-10-24T13:44:15 IST" skipped="0">
  <testcase classname="LambdaCertification.com.LambdaCertification" name="Scenario1" time="43.766"/>
  <system-out/>
  <testcase classname="LambdaCertification.com.LambdaCertification" name="Scenario2" time="16.983"/>
  <system-out/>
  <testcase classname="LambdaCertification.com.LambdaCertification" name="Scenario3" time="34.942"/>
  <system-out/>
</testsuite> <!-- LambdaCertification.com.LambdaCertification -->
